# JRE version: Java(TM) SE Runtime Environment (17.0.9+11) (build 17.0.9+11-LTS-201)
# Java VM: Java HotSpot(TM) 64-Bit Server VM (17.0.9+11-LTS-201, mixed mode, emulated-client, sharing, tiered, compressed oops, compressed class ptrs, g1 gc, windows-amd64)
GC Precious Log:
 CPUs: 12 total, 12 available
 Memory: 7955M
 Large Page Support: Disabled
 NUMA Support: Disabled
 Compressed Oops: Enabled (32-bit)
 Heap Region Size: 1M
 Heap Min Capacity: 8M
 Heap Initial Capacity: 126M
 Heap Max Capacity: 1990M
 Pre-touch: Disabled
 Parallel Workers: 10
 Concurrent Workers: 3
 Concurrent Refinement Workers: 10
 Periodic GC: Disabled
Heap:
 garbage-first heap   total 172032K, used 122719K [0x0000000083a00000, 0x0000000100000000)
  region size 1024K, 62 young (63488K), 7 survivors (7168K)
 Metaspace       used 68099K, committed 68736K, reserved 1114112K
  class space    used 9294K, committed 9600K, reserved 1048576K
GC Heap History (20 events):
Event: 8.650 GC heap before
{Heap before GC invocations=23 (full 0):
 garbage-first heap   total 143360K, used 117628K [0x0000000083a00000, 0x0000000100000000)
  region size 1024K, 69 young (70656K), 5 survivors (5120K)
 Metaspace       used 63411K, committed 64064K, reserved 1114112K
  class space    used 8813K, committed 9152K, reserved 1048576K
}
Event: 8.653 GC heap after
{Heap after GC invocations=24 (full 0):
 garbage-first heap   total 143360K, used 53563K [0x0000000083a00000, 0x0000000100000000)
  region size 1024K, 6 young (6144K), 6 survivors (6144K)
 Metaspace       used 63411K, committed 64064K, reserved 1114112K
  class space    used 8813K, committed 9152K, reserved 1048576K
}
Event: 8.915 GC heap before
{Heap before GC invocations=24 (full 0):
 garbage-first heap   total 143360K, used 119099K [0x0000000083a00000, 0x0000000100000000)
  region size 1024K, 70 young (71680K), 6 survivors (6144K)
 Metaspace       used 63891K, committed 64512K, reserved 1114112K
  class space    used 8889K, committed 9216K, reserved 1048576K
}
Event: 8.918 GC heap after
{Heap after GC invocations=25 (full 0):
 garbage-first heap   total 143360K, used 55364K [0x0000000083a00000, 0x0000000100000000)
  region size 1024K, 7 young (7168K), 7 survivors (7168K)
 Metaspace       used 63891K, committed 64512K, reserved 1114112K
  class space    used 8889K, committed 9216K, reserved 1048576K
}
Event: 9.157 GC heap before
{Heap before GC invocations=25 (full 0):
 garbage-first heap   total 143360K, used 118852K [0x0000000083a00000, 0x0000000100000000)
  region size 1024K, 69 young (70656K), 7 survivors (7168K)
 Metaspace       used 64272K, committed 64832K, reserved 1114112K
  class space    used 8923K, committed 9216K, reserved 1048576K
}
Event: 9.160 GC heap after
{Heap after GC invocations=26 (full 0):
 garbage-first heap   total 143360K, used 56471K [0x0000000083a00000, 0x0000000100000000)
  region size 1024K, 6 young (6144K), 6 survivors (6144K)
 Metaspace       used 64272K, committed 64832K, reserved 1114112K
  class space    used 8923K, committed 9216K, reserved 1048576K
}
Event: 9.368 GC heap before
{Heap before GC invocations=26 (full 0):
 garbage-first heap   total 143360K, used 119959K [0x0000000083a00000, 0x0000000100000000)
  region size 1024K, 68 young (69632K), 6 survivors (6144K)
 Metaspace       used 64580K, committed 65216K, reserved 1114112K
  class space    used 8945K, committed 9280K, reserved 1048576K
}
Event: 9.372 GC heap after
{Heap after GC invocations=27 (full 0):
 garbage-first heap   total 143360K, used 58166K [0x0000000083a00000, 0x0000000100000000)
  region size 1024K, 6 young (6144K), 6 survivors (6144K)
 Metaspace       used 64580K, committed 65216K, reserved 1114112K
  class space    used 8945K, committed 9280K, reserved 1048576K
}
Event: 9.654 GC heap before
{Heap before GC invocations=27 (full 0):
 garbage-first heap   total 143360K, used 121654K [0x0000000083a00000, 0x0000000100000000)
  region size 1024K, 68 young (69632K), 6 survivors (6144K)
 Metaspace       used 64968K, committed 65536K, reserved 1114112K
  class space    used 8977K, committed 9280K, reserved 1048576K
}
Event: 9.657 GC heap after
{Heap after GC invocations=28 (full 0):
 garbage-first heap   total 143360K, used 59513K [0x0000000083a00000, 0x0000000100000000)
  region size 1024K, 6 young (6144K), 6 survivors (6144K)
 Metaspace       used 64968K, committed 65536K, reserved 1114112K
  class space    used 8977K, committed 9280K, reserved 1048576K
}
Event: 9.893 GC heap before
{Heap before GC invocations=28 (full 0):
 garbage-first heap   total 143360K, used 121977K [0x0000000083a00000, 0x0000000100000000)
  region size 1024K, 67 young (68608K), 6 survivors (6144K)
 Metaspace       used 65283K, committed 65920K, reserved 1114112K
  class space    used 9002K, committed 9344K, reserved 1048576K
}
Event: 9.896 GC heap after
{Heap after GC invocations=29 (full 0):
 garbage-first heap   total 143360K, used 60843K [0x0000000083a00000, 0x0000000100000000)
  region size 1024K, 6 young (6144K), 6 survivors (6144K)
 Metaspace       used 65283K, committed 65920K, reserved 1114112K
  class space    used 9002K, committed 9344K, reserved 1048576K
}
Event: 10.218 GC heap before
{Heap before GC invocations=29 (full 0):
 garbage-first heap   total 143360K, used 121259K [0x0000000083a00000, 0x0000000100000000)
  region size 1024K, 65 young (66560K), 6 survivors (6144K)
 Metaspace       used 65740K, committed 66368K, reserved 1114112K
  class space    used 9049K, committed 9344K, reserved 1048576K
}
Event: 10.221 GC heap after
{Heap after GC invocations=30 (full 0):
 garbage-first heap   total 172032K, used 61818K [0x0000000083a00000, 0x0000000100000000)
  region size 1024K, 5 young (5120K), 5 survivors (5120K)
 Metaspace       used 65740K, committed 66368K, reserved 1114112K
  class space    used 9049K, committed 9344K, reserved 1048576K
}
Event: 10.725 GC heap before
{Heap before GC invocations=30 (full 0):
 garbage-first heap   total 172032K, used 146810K [0x0000000083a00000, 0x0000000100000000)
  region size 1024K, 88 young (90112K), 5 survivors (5120K)
 Metaspace       used 66699K, committed 67328K, reserved 1114112K
  class space    used 9176K, committed 9472K, reserved 1048576K
}
Event: 10.728 GC heap after
{Heap after GC invocations=31 (full 0):
 garbage-first heap   total 172032K, used 63789K [0x0000000083a00000, 0x0000000100000000)
  region size 1024K, 7 young (7168K), 7 survivors (7168K)
 Metaspace       used 66699K, committed 67328K, reserved 1114112K
  class space    used 9176K, committed 9472K, reserved 1048576K
}
Event: 11.086 GC heap before
{Heap before GC invocations=31 (full 0):
 garbage-first heap   total 172032K, used 146733K [0x0000000083a00000, 0x0000000100000000)
  region size 1024K, 88 young (90112K), 7 survivors (7168K)
 Metaspace       used 67298K, committed 67968K, reserved 1114112K
  class space    used 9224K, committed 9536K, reserved 1048576K
}
Event: 11.090 GC heap after
{Heap after GC invocations=32 (full 0):
 garbage-first heap   total 172032K, used 65360K [0x0000000083a00000, 0x0000000100000000)
  region size 1024K, 8 young (8192K), 8 survivors (8192K)
 Metaspace       used 67298K, committed 67968K, reserved 1114112K
  class space    used 9224K, committed 9536K, reserved 1048576K
}
Event: 11.507 GC heap before
{Heap before GC invocations=32 (full 0):
 garbage-first heap   total 172032K, used 145232K [0x0000000083a00000, 0x0000000100000000)
  region size 1024K, 86 young (88064K), 8 survivors (8192K)
 Metaspace       used 67753K, committed 68416K, reserved 1114112K
  class space    used 9267K, committed 9600K, reserved 1048576K
}
Event: 11.511 GC heap after
{Heap after GC invocations=33 (full 0):
 garbage-first heap   total 172032K, used 67423K [0x0000000083a00000, 0x0000000100000000)
  region size 1024K, 7 young (7168K), 7 survivors (7168K)
 Metaspace       used 67753K, committed 68416K, reserved 1114112K
  class space    used 9267K, committed 9600K, reserved 1048576K
}

