# JRE version: Java(TM) SE Runtime Environment (17.0.9+11) (build 17.0.9+11-LTS-201)
# Java VM: Java HotSpot(TM) 64-Bit Server VM (17.0.9+11-LTS-201, mixed mode, emulated-client, sharing, tiered, compressed oops, compressed class ptrs, g1 gc, windows-amd64)
GC Precious Log:
 CPUs: 12 total, 12 available
 Memory: 7955M
 Large Page Support: Disabled
 NUMA Support: Disabled
 Compressed Oops: Enabled (32-bit)
 Heap Region Size: 1M
 Heap Min Capacity: 8M
 Heap Initial Capacity: 126M
 Heap Max Capacity: 1990M
 Pre-touch: Disabled
 Parallel Workers: 10
 Concurrent Workers: 3
 Concurrent Refinement Workers: 10
 Periodic GC: Disabled
Heap:
 garbage-first heap   total 206848K, used 94901K [0x0000000083a00000, 0x0000000100000000)
  region size 1024K, 1 young (1024K), 1 survivors (1024K)
 Metaspace       used 97582K, committed 99200K, reserved 1179648K
  class space    used 13296K, committed 13888K, reserved 1048576K
GC Heap History (20 events):
Event: 1460.016 GC heap after
{Heap after GC invocations=77 (full 0):
 garbage-first heap   total 206848K, used 94794K [0x0000000083a00000, 0x0000000100000000)
  region size 1024K, 2 young (2048K), 2 survivors (2048K)
 Metaspace       used 97298K, committed 99072K, reserved 1179648K
  class space    used 13232K, committed 13888K, reserved 1048576K
}
Event: 1465.774 GC heap before
{Heap before GC invocations=77 (full 0):
 garbage-first heap   total 206848K, used 102986K [0x0000000083a00000, 0x0000000100000000)
  region size 1024K, 10 young (10240K), 2 survivors (2048K)
 Metaspace       used 97298K, committed 99072K, reserved 1179648K
  class space    used 13232K, committed 13888K, reserved 1048576K
}
Event: 1465.904 GC heap after
{Heap after GC invocations=78 (full 0):
 garbage-first heap   total 206848K, used 84308K [0x0000000083a00000, 0x0000000100000000)
  region size 1024K, 2 young (2048K), 2 survivors (2048K)
 Metaspace       used 97298K, committed 99072K, reserved 1179648K
  class space    used 13232K, committed 13888K, reserved 1048576K
}
Event: 1471.862 GC heap before
{Heap before GC invocations=78 (full 0):
 garbage-first heap   total 206848K, used 92500K [0x0000000083a00000, 0x0000000100000000)
  region size 1024K, 10 young (10240K), 2 survivors (2048K)
 Metaspace       used 97299K, committed 99072K, reserved 1179648K
  class space    used 13232K, committed 13888K, reserved 1048576K
}
Event: 1471.869 GC heap after
{Heap after GC invocations=79 (full 0):
 garbage-first heap   total 206848K, used 83915K [0x0000000083a00000, 0x0000000100000000)
  region size 1024K, 1 young (1024K), 1 survivors (1024K)
 Metaspace       used 97299K, committed 99072K, reserved 1179648K
  class space    used 13232K, committed 13888K, reserved 1048576K
}
Event: 1545.560 GC heap before
{Heap before GC invocations=79 (full 0):
 garbage-first heap   total 206848K, used 180171K [0x0000000083a00000, 0x0000000100000000)
  region size 1024K, 95 young (97280K), 1 survivors (1024K)
 Metaspace       used 97299K, committed 99072K, reserved 1179648K
  class space    used 13232K, committed 13888K, reserved 1048576K
}
Event: 1545.583 GC heap after
{Heap after GC invocations=80 (full 0):
 garbage-first heap   total 206848K, used 83722K [0x0000000083a00000, 0x0000000100000000)
  region size 1024K, 1 young (1024K), 1 survivors (1024K)
 Metaspace       used 97299K, committed 99072K, reserved 1179648K
  class space    used 13232K, committed 13888K, reserved 1048576K
}
Event: 1591.114 GC heap before
{Heap before GC invocations=80 (full 0):
 garbage-first heap   total 206848K, used 179978K [0x0000000083a00000, 0x0000000100000000)
  region size 1024K, 96 young (98304K), 1 survivors (1024K)
 Metaspace       used 97346K, committed 99136K, reserved 1179648K
  class space    used 13239K, committed 13888K, reserved 1048576K
}
Event: 1591.130 GC heap after
{Heap after GC invocations=81 (full 0):
 garbage-first heap   total 206848K, used 84684K [0x0000000083a00000, 0x0000000100000000)
  region size 1024K, 2 young (2048K), 2 survivors (2048K)
 Metaspace       used 97346K, committed 99136K, reserved 1179648K
  class space    used 13239K, committed 13888K, reserved 1048576K
}
Event: 1662.532 GC heap before
{Heap before GC invocations=81 (full 0):
 garbage-first heap   total 206848K, used 179916K [0x0000000083a00000, 0x0000000100000000)
  region size 1024K, 95 young (97280K), 2 survivors (2048K)
 Metaspace       used 97346K, committed 99136K, reserved 1179648K
  class space    used 13239K, committed 13888K, reserved 1048576K
}
Event: 1662.562 GC heap after
{Heap after GC invocations=82 (full 0):
 garbage-first heap   total 206848K, used 84586K [0x0000000083a00000, 0x0000000100000000)
  region size 1024K, 2 young (2048K), 2 survivors (2048K)
 Metaspace       used 97346K, committed 99136K, reserved 1179648K
  class space    used 13239K, committed 13888K, reserved 1048576K
}
Event: 1680.498 GC heap before
{Heap before GC invocations=82 (full 0):
 garbage-first heap   total 206848K, used 179818K [0x0000000083a00000, 0x0000000100000000)
  region size 1024K, 96 young (98304K), 2 survivors (2048K)
 Metaspace       used 97580K, committed 99200K, reserved 1179648K
  class space    used 13296K, committed 13888K, reserved 1048576K
}
Event: 1680.519 GC heap after
{Heap after GC invocations=83 (full 0):
 garbage-first heap   total 206848K, used 89242K [0x0000000083a00000, 0x0000000100000000)
  region size 1024K, 7 young (7168K), 7 survivors (7168K)
 Metaspace       used 97580K, committed 99200K, reserved 1179648K
  class space    used 13296K, committed 13888K, reserved 1048576K
}
Event: 1680.977 GC heap before
{Heap before GC invocations=83 (full 0):
 garbage-first heap   total 206848K, used 176282K [0x0000000083a00000, 0x0000000100000000)
  region size 1024K, 92 young (94208K), 7 survivors (7168K)
 Metaspace       used 97582K, committed 99200K, reserved 1179648K
  class space    used 13296K, committed 13888K, reserved 1048576K
}
Event: 1680.985 GC heap after
{Heap after GC invocations=84 (full 0):
 garbage-first heap   total 206848K, used 95064K [0x0000000083a00000, 0x0000000100000000)
  region size 1024K, 12 young (12288K), 12 survivors (12288K)
 Metaspace       used 97582K, committed 99200K, reserved 1179648K
  class space    used 13296K, committed 13888K, reserved 1048576K
}
Event: 1681.379 GC heap before
{Heap before GC invocations=84 (full 0):
 garbage-first heap   total 206848K, used 172888K [0x0000000083a00000, 0x0000000100000000)
  region size 1024K, 88 young (90112K), 12 survivors (12288K)
 Metaspace       used 97582K, committed 99200K, reserved 1179648K
  class space    used 13296K, committed 13888K, reserved 1048576K
}
Event: 1681.503 GC heap after
{Heap after GC invocations=85 (full 0):
 garbage-first heap   total 206848K, used 95810K [0x0000000083a00000, 0x0000000100000000)
  region size 1024K, 1 young (1024K), 1 survivors (1024K)
 Metaspace       used 97582K, committed 99200K, reserved 1179648K
  class space    used 13296K, committed 13888K, reserved 1048576K
}
Event: 1681.950 GC heap before
{Heap before GC invocations=85 (full 0):
 garbage-first heap   total 206848K, used 175682K [0x0000000083a00000, 0x0000000100000000)
  region size 1024K, 79 young (80896K), 1 survivors (1024K)
 Metaspace       used 97582K, committed 99200K, reserved 1179648K
  class space    used 13296K, committed 13888K, reserved 1048576K
}
Event: 1682.028 GC heap after
{Heap after GC invocations=86 (full 0):
 garbage-first heap   total 206848K, used 95294K [0x0000000083a00000, 0x0000000100000000)
  region size 1024K, 1 young (1024K), 1 survivors (1024K)
 Metaspace       used 97582K, committed 99200K, reserved 1179648K
  class space    used 13296K, committed 13888K, reserved 1048576K
}
Event: 1682.529 GC heap before
{Heap before GC invocations=86 (full 0):
 garbage-first heap   total 206848K, used 176190K [0x0000000083a00000, 0x0000000100000000)
  region size 1024K, 80 young (81920K), 1 survivors (1024K)
 Metaspace       used 97582K, committed 99200K, reserved 1179648K
  class space    used 13296K, committed 13888K, reserved 1048576K
}

