# JRE version: Java(TM) SE Runtime Environment (17.0.9+11) (build 17.0.9+11-LTS-201)
# Java VM: Java HotSpot(TM) 64-Bit Server VM (17.0.9+11-LTS-201, mixed mode, emulated-client, sharing, tiered, compressed oops, compressed class ptrs, g1 gc, windows-amd64)
GC Precious Log:
 CPUs: 12 total, 12 available
 Memory: 7955M
 Large Page Support: Disabled
 NUMA Support: Disabled
 Compressed Oops: Enabled (32-bit)
 Heap Region Size: 1M
 Heap Min Capacity: 8M
 Heap Initial Capacity: 126M
 Heap Max Capacity: 1990M
 Pre-touch: Disabled
 Parallel Workers: 10
 Concurrent Workers: 3
 Concurrent Refinement Workers: 10
 Periodic GC: Disabled
Heap:
 garbage-first heap   total 129024K, used 57084K [0x0000000083a00000, 0x0000000100000000)
  region size 1024K, 5 young (5120K), 5 survivors (5120K)
 Metaspace       used 64408K, committed 65024K, reserved 1114112K
  class space    used 8940K, committed 9280K, reserved 1048576K
GC Heap History (20 events):
Event: 6.255 GC heap after
{Heap after GC invocations=17 (full 0):
 garbage-first heap   total 124928K, used 42979K [0x0000000083a00000, 0x0000000100000000)
  region size 1024K, 7 young (7168K), 7 survivors (7168K)
 Metaspace       used 53101K, committed 53632K, reserved 1114112K
  class space    used 7429K, committed 7680K, reserved 1048576K
}
Event: 6.715 GC heap before
{Heap before GC invocations=17 (full 0):
 garbage-first heap   total 124928K, used 100323K [0x0000000083a00000, 0x0000000100000000)
  region size 1024K, 63 young (64512K), 7 survivors (7168K)
 Metaspace       used 54939K, committed 55552K, reserved 1114112K
  class space    used 7701K, committed 8000K, reserved 1048576K
}
Event: 6.718 GC heap after
{Heap after GC invocations=18 (full 0):
 garbage-first heap   total 124928K, used 44544K [0x0000000083a00000, 0x0000000100000000)
  region size 1024K, 5 young (5120K), 5 survivors (5120K)
 Metaspace       used 54939K, committed 55552K, reserved 1114112K
  class space    used 7701K, committed 8000K, reserved 1048576K
}
Event: 7.529 GC heap before
{Heap before GC invocations=18 (full 0):
 garbage-first heap   total 124928K, used 93696K [0x0000000083a00000, 0x0000000100000000)
  region size 1024K, 54 young (55296K), 5 survivors (5120K)
 Metaspace       used 59610K, committed 60160K, reserved 1114112K
  class space    used 8298K, committed 8576K, reserved 1048576K
}
Event: 7.536 GC heap after
{Heap after GC invocations=19 (full 0):
 garbage-first heap   total 124928K, used 48101K [0x0000000083a00000, 0x0000000100000000)
  region size 1024K, 6 young (6144K), 6 survivors (6144K)
 Metaspace       used 59610K, committed 60160K, reserved 1114112K
  class space    used 8298K, committed 8576K, reserved 1048576K
}
Event: 8.063 GC heap before
{Heap before GC invocations=20 (full 0):
 garbage-first heap   total 124928K, used 101349K [0x0000000083a00000, 0x0000000100000000)
  region size 1024K, 58 young (59392K), 6 survivors (6144K)
 Metaspace       used 61190K, committed 61696K, reserved 1114112K
  class space    used 8547K, committed 8768K, reserved 1048576K
}
Event: 8.067 GC heap after
{Heap after GC invocations=21 (full 0):
 garbage-first heap   total 124928K, used 49592K [0x0000000083a00000, 0x0000000100000000)
  region size 1024K, 6 young (6144K), 6 survivors (6144K)
 Metaspace       used 61190K, committed 61696K, reserved 1114112K
  class space    used 8547K, committed 8768K, reserved 1048576K
}
Event: 8.076 GC heap before
{Heap before GC invocations=21 (full 0):
 garbage-first heap   total 124928K, used 50616K [0x0000000083a00000, 0x0000000100000000)
  region size 1024K, 7 young (7168K), 6 survivors (6144K)
 Metaspace       used 61190K, committed 61696K, reserved 1114112K
  class space    used 8547K, committed 8768K, reserved 1048576K
}
Event: 8.079 GC heap after
{Heap after GC invocations=22 (full 0):
 garbage-first heap   total 124928K, used 49849K [0x0000000083a00000, 0x0000000100000000)
  region size 1024K, 1 young (1024K), 1 survivors (1024K)
 Metaspace       used 61190K, committed 61696K, reserved 1114112K
  class space    used 8547K, committed 8768K, reserved 1048576K
}
Event: 8.449 GC heap before
{Heap before GC invocations=22 (full 0):
 garbage-first heap   total 124928K, used 103097K [0x0000000083a00000, 0x0000000100000000)
  region size 1024K, 53 young (54272K), 1 survivors (1024K)
 Metaspace       used 62767K, committed 63360K, reserved 1114112K
  class space    used 8761K, committed 9088K, reserved 1048576K
}
Event: 8.451 GC heap after
{Heap after GC invocations=23 (full 0):
 garbage-first heap   total 124928K, used 51318K [0x0000000083a00000, 0x0000000100000000)
  region size 1024K, 3 young (3072K), 3 survivors (3072K)
 Metaspace       used 62767K, committed 63360K, reserved 1114112K
  class space    used 8761K, committed 9088K, reserved 1048576K
}
Event: 8.714 GC heap before
{Heap before GC invocations=23 (full 0):
 garbage-first heap   total 124928K, used 102518K [0x0000000083a00000, 0x0000000100000000)
  region size 1024K, 53 young (54272K), 3 survivors (3072K)
 Metaspace       used 63079K, committed 63680K, reserved 1114112K
  class space    used 8790K, committed 9088K, reserved 1048576K
}
Event: 8.717 GC heap after
{Heap after GC invocations=24 (full 0):
 garbage-first heap   total 124928K, used 52319K [0x0000000083a00000, 0x0000000100000000)
  region size 1024K, 4 young (4096K), 4 survivors (4096K)
 Metaspace       used 63079K, committed 63680K, reserved 1114112K
  class space    used 8790K, committed 9088K, reserved 1048576K
}
Event: 9.023 GC heap before
{Heap before GC invocations=24 (full 0):
 garbage-first heap   total 124928K, used 103519K [0x0000000083a00000, 0x0000000100000000)
  region size 1024K, 54 young (55296K), 4 survivors (4096K)
 Metaspace       used 63443K, committed 64064K, reserved 1114112K
  class space    used 8820K, committed 9152K, reserved 1048576K
}
Event: 9.026 GC heap after
{Heap after GC invocations=25 (full 0):
 garbage-first heap   total 124928K, used 53648K [0x0000000083a00000, 0x0000000100000000)
  region size 1024K, 5 young (5120K), 5 survivors (5120K)
 Metaspace       used 63443K, committed 64064K, reserved 1114112K
  class space    used 8820K, committed 9152K, reserved 1048576K
}
Event: 9.309 GC heap before
{Heap before GC invocations=25 (full 0):
 garbage-first heap   total 124928K, used 104848K [0x0000000083a00000, 0x0000000100000000)
  region size 1024K, 55 young (56320K), 5 survivors (5120K)
 Metaspace       used 63865K, committed 64448K, reserved 1114112K
  class space    used 8893K, committed 9216K, reserved 1048576K
}
Event: 9.312 GC heap after
{Heap after GC invocations=26 (full 0):
 garbage-first heap   total 124928K, used 55055K [0x0000000083a00000, 0x0000000100000000)
  region size 1024K, 4 young (4096K), 4 survivors (4096K)
 Metaspace       used 63865K, committed 64448K, reserved 1114112K
  class space    used 8893K, committed 9216K, reserved 1048576K
}
Event: 9.562 GC heap before
{Heap before GC invocations=26 (full 0):
 garbage-first heap   total 124928K, used 105231K [0x0000000083a00000, 0x0000000100000000)
  region size 1024K, 53 young (54272K), 4 survivors (4096K)
 Metaspace       used 64155K, committed 64768K, reserved 1114112K
  class space    used 8919K, committed 9216K, reserved 1048576K
}
Event: 9.564 GC heap after
{Heap after GC invocations=27 (full 0):
 garbage-first heap   total 124928K, used 56008K [0x0000000083a00000, 0x0000000100000000)
  region size 1024K, 5 young (5120K), 5 survivors (5120K)
 Metaspace       used 64155K, committed 64768K, reserved 1114112K
  class space    used 8919K, committed 9216K, reserved 1048576K
}
Event: 9.777 GC heap before
{Heap before GC invocations=27 (full 0):
 garbage-first heap   total 124928K, used 106184K [0x0000000083a00000, 0x0000000100000000)
  region size 1024K, 54 young (55296K), 5 survivors (5120K)
 Metaspace       used 64408K, committed 65024K, reserved 1114112K
  class space    used 8940K, committed 9280K, reserved 1048576K
}

