# JRE version: Java(TM) SE Runtime Environment (17.0.9+11) (build 17.0.9+11-LTS-201)
# Java VM: Java HotSpot(TM) 64-Bit Server VM (17.0.9+11-LTS-201, mixed mode, emulated-client, sharing, tiered, compressed oops, compressed class ptrs, g1 gc, windows-amd64)
GC Precious Log:
 CPUs: 12 total, 12 available
 Memory: 7955M
 Large Page Support: Disabled
 NUMA Support: Disabled
 Compressed Oops: Enabled (32-bit)
 Heap Region Size: 1M
 Heap Min Capacity: 8M
 Heap Initial Capacity: 126M
 Heap Max Capacity: 1990M
 Pre-touch: Disabled
 Parallel Workers: 10
 Concurrent Workers: 3
 Concurrent Refinement Workers: 10
 Periodic GC: Disabled
Heap:
 garbage-first heap   total 209920K, used 85347K [0x0000000083a00000, 0x0000000100000000)
  region size 1024K, 1 young (1024K), 1 survivors (1024K)
 Metaspace       used 91329K, committed 92288K, reserved 1179648K
  class space    used 12489K, committed 12928K, reserved 1048576K
GC Heap History (20 events):
Event: 101.682 GC heap after
{Heap after GC invocations=47 (full 0):
 garbage-first heap   total 172032K, used 81600K [0x0000000083a00000, 0x0000000100000000)
  region size 1024K, 5 young (5120K), 5 survivors (5120K)
 Metaspace       used 85503K, committed 86464K, reserved 1179648K
  class space    used 11774K, committed 12224K, reserved 1048576K
}
Event: 102.283 GC heap before
{Heap before GC invocations=48 (full 0):
 garbage-first heap   total 209920K, used 143040K [0x0000000083a00000, 0x0000000100000000)
  region size 1024K, 66 young (67584K), 5 survivors (5120K)
 Metaspace       used 87636K, committed 88448K, reserved 1179648K
  class space    used 12097K, committed 12480K, reserved 1048576K
}
Event: 102.290 GC heap after
{Heap after GC invocations=49 (full 0):
 garbage-first heap   total 209920K, used 84743K [0x0000000083a00000, 0x0000000100000000)
  region size 1024K, 8 young (8192K), 8 survivors (8192K)
 Metaspace       used 87636K, committed 88448K, reserved 1179648K
  class space    used 12097K, committed 12480K, reserved 1048576K
}
Event: 102.311 GC heap before
{Heap before GC invocations=49 (full 0):
 garbage-first heap   total 209920K, used 85767K [0x0000000083a00000, 0x0000000100000000)
  region size 1024K, 10 young (10240K), 8 survivors (8192K)
 Metaspace       used 87636K, committed 88448K, reserved 1179648K
  class space    used 12097K, committed 12480K, reserved 1048576K
}
Event: 102.469 GC heap after
{Heap after GC invocations=50 (full 0):
 garbage-first heap   total 209920K, used 76980K [0x0000000083a00000, 0x0000000100000000)
  region size 1024K, 2 young (2048K), 2 survivors (2048K)
 Metaspace       used 87636K, committed 88448K, reserved 1179648K
  class space    used 12097K, committed 12480K, reserved 1048576K
}
Event: 103.398 GC heap before
{Heap before GC invocations=50 (full 0):
 garbage-first heap   total 209920K, used 177332K [0x0000000083a00000, 0x0000000100000000)
  region size 1024K, 101 young (103424K), 2 survivors (2048K)
 Metaspace       used 89142K, committed 89920K, reserved 1179648K
  class space    used 12232K, committed 12608K, reserved 1048576K
}
Event: 103.402 GC heap after
{Heap after GC invocations=51 (full 0):
 garbage-first heap   total 209920K, used 83040K [0x0000000083a00000, 0x0000000100000000)
  region size 1024K, 8 young (8192K), 8 survivors (8192K)
 Metaspace       used 89142K, committed 89920K, reserved 1179648K
  class space    used 12232K, committed 12608K, reserved 1048576K
}
Event: 110.055 GC heap before
{Heap before GC invocations=51 (full 0):
 garbage-first heap   total 209920K, used 173152K [0x0000000083a00000, 0x0000000100000000)
  region size 1024K, 96 young (98304K), 8 survivors (8192K)
 Metaspace       used 91397K, committed 92224K, reserved 1179648K
  class space    used 12506K, committed 12928K, reserved 1048576K
}
Event: 110.064 GC heap after
{Heap after GC invocations=52 (full 0):
 garbage-first heap   total 209920K, used 92162K [0x0000000083a00000, 0x0000000100000000)
  region size 1024K, 9 young (9216K), 9 survivors (9216K)
 Metaspace       used 91397K, committed 92224K, reserved 1179648K
  class space    used 12506K, committed 12928K, reserved 1048576K
}
Event: 110.291 GC heap before
{Heap before GC invocations=52 (full 0):
 garbage-first heap   total 209920K, used 171010K [0x0000000083a00000, 0x0000000100000000)
  region size 1024K, 86 young (88064K), 9 survivors (9216K)
 Metaspace       used 91397K, committed 92224K, reserved 1179648K
  class space    used 12506K, committed 12928K, reserved 1048576K
}
Event: 110.298 GC heap after
{Heap after GC invocations=53 (full 0):
 garbage-first heap   total 209920K, used 99001K [0x0000000083a00000, 0x0000000100000000)
  region size 1024K, 7 young (7168K), 7 survivors (7168K)
 Metaspace       used 91397K, committed 92224K, reserved 1179648K
  class space    used 12506K, committed 12928K, reserved 1048576K
}
Event: 160.053 GC heap before
{Heap before GC invocations=53 (full 0):
 garbage-first heap   total 209920K, used 169657K [0x0000000083a00000, 0x0000000100000000)
  region size 1024K, 77 young (78848K), 7 survivors (7168K)
 Metaspace       used 91401K, committed 92224K, reserved 1179648K
  class space    used 12506K, committed 12928K, reserved 1048576K
}
Event: 160.057 GC heap after
{Heap after GC invocations=54 (full 0):
 garbage-first heap   total 209920K, used 99917K [0x0000000083a00000, 0x0000000100000000)
  region size 1024K, 4 young (4096K), 4 survivors (4096K)
 Metaspace       used 91401K, committed 92224K, reserved 1179648K
  class space    used 12506K, committed 12928K, reserved 1048576K
}
Event: 183.337 GC heap before
{Heap before GC invocations=54 (full 0):
 garbage-first heap   total 209920K, used 169549K [0x0000000083a00000, 0x0000000100000000)
  region size 1024K, 73 young (74752K), 4 survivors (4096K)
 Metaspace       used 91475K, committed 92288K, reserved 1179648K
  class space    used 12523K, committed 12928K, reserved 1048576K
}
Event: 183.339 GC heap after
{Heap after GC invocations=55 (full 0):
 garbage-first heap   total 209920K, used 99215K [0x0000000083a00000, 0x0000000100000000)
  region size 1024K, 3 young (3072K), 3 survivors (3072K)
 Metaspace       used 91475K, committed 92288K, reserved 1179648K
  class space    used 12523K, committed 12928K, reserved 1048576K
}
Event: 242.719 GC heap before
{Heap before GC invocations=56 (full 0):
 garbage-first heap   total 209920K, used 168847K [0x0000000083a00000, 0x0000000100000000)
  region size 1024K, 75 young (76800K), 3 survivors (3072K)
 Metaspace       used 91323K, committed 92288K, reserved 1179648K
  class space    used 12488K, committed 12928K, reserved 1048576K
}
Event: 242.864 GC heap after
{Heap after GC invocations=57 (full 0):
 garbage-first heap   total 209920K, used 95015K [0x0000000083a00000, 0x0000000100000000)
  region size 1024K, 3 young (3072K), 3 survivors (3072K)
 Metaspace       used 91323K, committed 92288K, reserved 1179648K
  class space    used 12488K, committed 12928K, reserved 1048576K
}
Event: 246.616 GC heap before
{Heap before GC invocations=57 (full 0):
 garbage-first heap   total 209920K, used 102183K [0x0000000083a00000, 0x0000000100000000)
  region size 1024K, 10 young (10240K), 3 survivors (3072K)
 Metaspace       used 91323K, committed 92288K, reserved 1179648K
  class space    used 12488K, committed 12928K, reserved 1048576K
}
Event: 246.740 GC heap after
{Heap after GC invocations=58 (full 0):
 garbage-first heap   total 209920K, used 85786K [0x0000000083a00000, 0x0000000100000000)
  region size 1024K, 2 young (2048K), 2 survivors (2048K)
 Metaspace       used 91323K, committed 92288K, reserved 1179648K
  class space    used 12488K, committed 12928K, reserved 1048576K
}
Event: 289.856 GC heap before
{Heap before GC invocations=58 (full 0):
 garbage-first heap   total 209920K, used 169754K [0x0000000083a00000, 0x0000000100000000)
  region size 1024K, 84 young (86016K), 2 survivors (2048K)
 Metaspace       used 91329K, committed 92288K, reserved 1179648K
  class space    used 12489K, committed 12928K, reserved 1048576K
}

